[0.013s] Invoking command in '/home/guillermo/tello_ws/build/tello_description': CMAKE_PREFIX_PATH=${CMAKE_PREFIX_PATH}:/opt/ros/humble /usr/bin/cmake /home/guillermo/tello_ws/src/tello_ros/tello_description -DAMENT_CMAKE_SYMLINK_INSTALL=1 -DCMAKE_INSTALL_PREFIX=/home/guillermo/tello_ws/install/tello_description
[0.122s] -- The C compiler identification is GNU 11.3.0
[0.186s] -- The CXX compiler identification is GNU 11.3.0
[0.195s] -- Detecting C compiler ABI info
[0.246s] -- Detecting C compiler ABI info - done
[0.251s] -- Check for working C compiler: /usr/bin/cc - skipped
[0.251s] -- Detecting C compile features
[0.252s] -- Detecting C compile features - done
[0.254s] -- Detecting CXX compiler ABI info
[0.308s] -- Detecting CXX compiler ABI info - done
[0.315s] -- Check for working CXX compiler: /usr/bin/c++ - skipped
[0.315s] -- Detecting CXX compile features
[0.315s] -- Detecting CXX compile features - done
[0.322s] -- Found ament_cmake: 1.3.3 (/opt/ros/humble/share/ament_cmake/cmake)
[0.454s] -- Found Python3: /usr/bin/python3.10 (found version "3.10.6") found components: Interpreter 
[0.501s] -- Override CMake install command with custom implementation using symlinks instead of copying resources
[0.561s] -- creating rules for /home/guillermo/tello_ws/build/tello_description/urdf/tello.urdf
[0.562s] -- creating rules for /home/guillermo/tello_ws/build/tello_description/urdf/tello_1.urdf
[0.562s] -- creating rules for /home/guillermo/tello_ws/build/tello_description/urdf/tello_2.urdf
[0.562s] -- creating rules for /home/guillermo/tello_ws/build/tello_description/urdf/tello_3.urdf
[0.562s] -- creating rules for /home/guillermo/tello_ws/build/tello_description/urdf/tello_4.urdf
[0.562s] -- creating rules for /home/guillermo/tello_ws/build/tello_description/urdf/tello_5.urdf
[0.562s] -- creating rules for /home/guillermo/tello_ws/build/tello_description/urdf/tello_6.urdf
[0.562s] -- creating rules for /home/guillermo/tello_ws/build/tello_description/urdf/tello_7.urdf
[0.562s] -- creating rules for /home/guillermo/tello_ws/build/tello_description/urdf/tello_8.urdf
[0.608s] -- Configuring done
[0.612s] -- Generating done
[0.613s] -- Build files have been written to: /home/guillermo/tello_ws/build/tello_description
[0.616s] Invoked command in '/home/guillermo/tello_ws/build/tello_description' returned '0': CMAKE_PREFIX_PATH=${CMAKE_PREFIX_PATH}:/opt/ros/humble /usr/bin/cmake /home/guillermo/tello_ws/src/tello_ros/tello_description -DAMENT_CMAKE_SYMLINK_INSTALL=1 -DCMAKE_INSTALL_PREFIX=/home/guillermo/tello_ws/install/tello_description
[0.617s] Invoking command in '/home/guillermo/tello_ws/build/tello_description': CMAKE_PREFIX_PATH=${CMAKE_PREFIX_PATH}:/opt/ros/humble /usr/bin/cmake --build /home/guillermo/tello_ws/build/tello_description -- -j20 -l20
[0.651s] [ 11%] [34m[1mGenerate /home/guillermo/tello_ws/build/tello_description/urdf/tello.urdf[0m
[0.651s] [ 33%] [34m[1mGenerate /home/guillermo/tello_ws/build/tello_description/urdf/tello_1.urdf[0m
[0.651s] [ 33%] [34m[1mGenerate /home/guillermo/tello_ws/build/tello_description/urdf/tello_2.urdf[0m
[0.651s] [ 44%] [34m[1mGenerate /home/guillermo/tello_ws/build/tello_description/urdf/tello_3.urdf[0m
[0.652s] /bin/sh: 1: /home/guillermo/tello_ws/src/tello_ros/tello_description/src/replace.py: not found
[0.652s] [ 55%] [34m[1mGenerate /home/guillermo/tello_ws/build/tello_description/urdf/tello_4.urdf[0m
[0.652s] gmake[2]: *** [CMakeFiles/generate_urdf.dir/build.make:73: urdf/tello.urdf] Error 127
[0.653s] gmake[2]: *** Se borra el archivo 'urdf/tello.urdf'
[0.653s] /bin/sh: 1: /home/guillermo/tello_ws/src/tello_ros/tello_description/src/replace.py: not found
[0.653s] /bin/sh: 1: /home/guillermo/tello_ws/src/tello_ros/tello_description/src/replace.py: not found
[0.653s] /bin/sh: 1: /home/guillermo/tello_ws/src/tello_ros/tello_description/src/replace.py: not found
[0.653s] gmake[1]: *** [CMakeFiles/Makefile2:153: CMakeFiles/generate_urdf.dir/all] Error 2
[0.653s] gmake[1]: *** Se espera a que terminen otras tareas....
[0.653s] gmake[2]: *** [CMakeFiles/generate_urdf_2.dir/build.make:73: urdf/tello_2.urdf] Error 127
[0.653s] gmake[2]: *** Se borra el archivo 'urdf/tello_2.urdf'
[0.653s] gmake[2]: *** [CMakeFiles/generate_urdf_1.dir/build.make:73: urdf/tello_1.urdf] Error 127
[0.653s] gmake[2]: *** Se borra el archivo 'urdf/tello_1.urdf'
[0.654s] gmake[2]: *** [CMakeFiles/generate_urdf_3.dir/build.make:73: urdf/tello_3.urdf] Error 127
[0.654s] gmake[2]: *** Se borra el archivo 'urdf/tello_3.urdf'
[0.654s] gmake[1]: *** [CMakeFiles/Makefile2:205: CMakeFiles/generate_urdf_2.dir/all] Error 2
[0.654s] gmake[1]: *** [CMakeFiles/Makefile2:179: CMakeFiles/generate_urdf_1.dir/all] Error 2
[0.654s] gmake[1]: *** [CMakeFiles/Makefile2:231: CMakeFiles/generate_urdf_3.dir/all] Error 2
[0.654s] /bin/sh: 1: /home/guillermo/tello_ws/src/tello_ros/tello_description/src/replace.py: not found
[0.654s] gmake[2]: *** [CMakeFiles/generate_urdf_4.dir/build.make:73: urdf/tello_4.urdf] Error 127
[0.654s] gmake[2]: *** Se borra el archivo 'urdf/tello_4.urdf'
[0.654s] gmake[1]: *** [CMakeFiles/Makefile2:257: CMakeFiles/generate_urdf_4.dir/all] Error 2
[0.655s] [ 66%] [34m[1mGenerate /home/guillermo/tello_ws/build/tello_description/urdf/tello_7.urdf[0m
[0.656s] /bin/sh: 1: /home/guillermo/tello_ws/src/tello_ros/tello_description/src/replace.py: not found
[0.656s] gmake[2]: *** [CMakeFiles/generate_urdf_7.dir/build.make:73: urdf/tello_7.urdf] Error 127
[0.657s] gmake[2]: *** Se borra el archivo 'urdf/tello_7.urdf'
[0.657s] [ 77%] [34m[1mGenerate /home/guillermo/tello_ws/build/tello_description/urdf/tello_5.urdf[0m
[0.657s] [ 88%] [34m[1mGenerate /home/guillermo/tello_ws/build/tello_description/urdf/tello_8.urdf[0m
[0.657s] gmake[1]: *** [CMakeFiles/Makefile2:335: CMakeFiles/generate_urdf_7.dir/all] Error 2
[0.657s] [100%] [34m[1mGenerate /home/guillermo/tello_ws/build/tello_description/urdf/tello_6.urdf[0m
[0.658s] /bin/sh: 1: /home/guillermo/tello_ws/src/tello_ros/tello_description/src/replace.py: not found
[0.658s] gmake[2]: *** [CMakeFiles/generate_urdf_5.dir/build.make:73: urdf/tello_5.urdf] Error 127
[0.658s] gmake[2]: *** Se borra el archivo 'urdf/tello_5.urdf'
[0.658s] /bin/sh: 1: /home/guillermo/tello_ws/src/tello_ros/tello_description/src/replace.py: not found
[0.658s] gmake[1]: *** [CMakeFiles/Makefile2:283: CMakeFiles/generate_urdf_5.dir/all] Error 2
[0.658s] gmake[2]: *** [CMakeFiles/generate_urdf_8.dir/build.make:73: urdf/tello_8.urdf] Error 127
[0.658s] gmake[2]: *** Se borra el archivo 'urdf/tello_8.urdf'
[0.658s] gmake[1]: *** [CMakeFiles/Makefile2:361: CMakeFiles/generate_urdf_8.dir/all] Error 2
[0.659s] /bin/sh: 1: /home/guillermo/tello_ws/src/tello_ros/tello_description/src/replace.py: not found
[0.659s] gmake[2]: *** [CMakeFiles/generate_urdf_6.dir/build.make:73: urdf/tello_6.urdf] Error 127
[0.659s] gmake[2]: *** Se borra el archivo 'urdf/tello_6.urdf'
[0.659s] gmake[1]: *** [CMakeFiles/Makefile2:309: CMakeFiles/generate_urdf_6.dir/all] Error 2
[0.659s] gmake: *** [Makefile:146: all] Error 2
[0.660s] Invoked command in '/home/guillermo/tello_ws/build/tello_description' returned '2': CMAKE_PREFIX_PATH=${CMAKE_PREFIX_PATH}:/opt/ros/humble /usr/bin/cmake --build /home/guillermo/tello_ws/build/tello_description -- -j20 -l20
