[0.012s] Invoking command in '/home/guillermo/tello_ws/build/tello_description': CMAKE_PREFIX_PATH=${CMAKE_PREFIX_PATH}:/opt/ros/humble /usr/bin/cmake --build /home/guillermo/tello_ws/build/tello_description -- -j20 -l20
[0.027s] -- Found ament_cmake: 1.3.3 (/opt/ros/humble/share/ament_cmake/cmake)
[0.132s] -- Override CMake install command with custom implementation using symlinks instead of copying resources
[0.133s] -- creating rules for /home/guillermo/tello_ws/build/tello_description/urdf/tello.urdf
[0.133s] -- creating rules for /home/guillermo/tello_ws/build/tello_description/urdf/tello_1.urdf
[0.133s] -- creating rules for /home/guillermo/tello_ws/build/tello_description/urdf/tello_2.urdf
[0.133s] -- creating rules for /home/guillermo/tello_ws/build/tello_description/urdf/tello_3.urdf
[0.133s] -- creating rules for /home/guillermo/tello_ws/build/tello_description/urdf/tello_4.urdf
[0.133s] -- creating rules for /home/guillermo/tello_ws/build/tello_description/urdf/tello_5.urdf
[0.133s] -- creating rules for /home/guillermo/tello_ws/build/tello_description/urdf/tello_6.urdf
[0.133s] -- creating rules for /home/guillermo/tello_ws/build/tello_description/urdf/tello_7.urdf
[0.133s] -- creating rules for /home/guillermo/tello_ws/build/tello_description/urdf/tello_8.urdf
[0.176s] -- Configuring done
[0.179s] -- Generating done
[0.180s] -- Build files have been written to: /home/guillermo/tello_ws/build/tello_description
[0.204s] [ 44%] [34m[1mGenerate /home/guillermo/tello_ws/build/tello_description/urdf/tello_1.urdf[0m
[0.204s] [ 44%] [34m[1mGenerate /home/guillermo/tello_ws/build/tello_description/urdf/tello_2.urdf[0m
[0.204s] [ 44%] [34m[1mGenerate /home/guillermo/tello_ws/build/tello_description/urdf/tello.urdf[0m
[0.204s] [ 44%] [34m[1mGenerate /home/guillermo/tello_ws/build/tello_description/urdf/tello_3.urdf[0m
[0.204s] [ 55%] [34m[1mGenerate /home/guillermo/tello_ws/build/tello_description/urdf/tello_5.urdf[0m
[0.205s] /bin/sh: 1: /home/guillermo/tello_ws/src/tello_ros/tello_description/src/replace.py: not found
[0.205s] /bin/sh: 1: /home/guillermo/tello_ws/src/tello_ros/tello_description/src/replace.py: not found
[0.205s] /bin/sh: 1: /home/guillermo/tello_ws/src/tello_ros/tello_description/src/replace.py: not found
[0.205s] gmake[2]: *** [CMakeFiles/generate_urdf_2.dir/build.make:73: urdf/tello_2.urdf] Error 127
[0.206s] gmake[2]: *** Se borra el archivo 'urdf/tello_2.urdf'
[0.206s] gmake[2]: *** [CMakeFiles/generate_urdf_3.dir/build.make:73: urdf/tello_3.urdf] Error 127
[0.206s] gmake[2]: *** Se borra el archivo 'urdf/tello_3.urdf'
[0.206s] gmake[2]: *** [CMakeFiles/generate_urdf_1.dir/build.make:73: urdf/tello_1.urdf] Error 127
[0.206s] gmake[2]: *** Se borra el archivo 'urdf/tello_1.urdf'
[0.206s] gmake[1]: *** [CMakeFiles/Makefile2:205: CMakeFiles/generate_urdf_2.dir/all] Error 2
[0.206s] gmake[1]: *** Se espera a que terminen otras tareas....
[0.206s] gmake[1]: *** [CMakeFiles/Makefile2:231: CMakeFiles/generate_urdf_3.dir/all] Error 2
[0.206s] gmake[1]: *** [CMakeFiles/Makefile2:179: CMakeFiles/generate_urdf_1.dir/all] Error 2
[0.206s] /bin/sh: 1: /home/guillermo/tello_ws/src/tello_ros/tello_description/src/replace.py: not found
[0.206s] gmake[2]: *** [CMakeFiles/generate_urdf_5.dir/build.make:73: urdf/tello_5.urdf] Error 127
[0.206s] gmake[2]: *** Se borra el archivo 'urdf/tello_5.urdf'
[0.206s] gmake[1]: *** [CMakeFiles/Makefile2:283: CMakeFiles/generate_urdf_5.dir/all] Error 2
[0.206s] /bin/sh: 1: /home/guillermo/tello_ws/src/tello_ros/tello_description/src/replace.py: not found
[0.207s] gmake[2]: *** [CMakeFiles/generate_urdf.dir/build.make:73: urdf/tello.urdf] Error 127
[0.207s] gmake[2]: *** Se borra el archivo 'urdf/tello.urdf'
[0.207s] gmake[1]: *** [CMakeFiles/Makefile2:153: CMakeFiles/generate_urdf.dir/all] Error 2
[0.210s] [ 66%] [34m[1mGenerate /home/guillermo/tello_ws/build/tello_description/urdf/tello_8.urdf[0m
[0.210s] [ 77%] [34m[1mGenerate /home/guillermo/tello_ws/build/tello_description/urdf/tello_7.urdf[0m
[0.211s] [ 88%] [34m[1mGenerate /home/guillermo/tello_ws/build/tello_description/urdf/tello_6.urdf[0m
[0.211s] [100%] [34m[1mGenerate /home/guillermo/tello_ws/build/tello_description/urdf/tello_4.urdf[0m
[0.211s] /bin/sh: 1: /home/guillermo/tello_ws/src/tello_ros/tello_description/src/replace.py: not found
[0.211s] gmake[2]: *** [CMakeFiles/generate_urdf_8.dir/build.make:73: urdf/tello_8.urdf] Error 127
[0.211s] gmake[2]: *** Se borra el archivo 'urdf/tello_8.urdf'
[0.211s] gmake[1]: *** [CMakeFiles/Makefile2:361: CMakeFiles/generate_urdf_8.dir/all] Error 2
[0.212s] /bin/sh: 1: /home/guillermo/tello_ws/src/tello_ros/tello_description/src/replace.py: not found
[0.212s] gmake[2]: *** [CMakeFiles/generate_urdf_7.dir/build.make:73: urdf/tello_7.urdf] Error 127
[0.212s] gmake[2]: *** Se borra el archivo 'urdf/tello_7.urdf'
[0.212s] gmake[1]: *** [CMakeFiles/Makefile2:335: CMakeFiles/generate_urdf_7.dir/all] Error 2
[0.213s] /bin/sh: 1: /home/guillermo/tello_ws/src/tello_ros/tello_description/src/replace.py: not found
[0.213s] gmake[2]: *** [CMakeFiles/generate_urdf_6.dir/build.make:73: urdf/tello_6.urdf] Error 127
[0.213s] gmake[2]: *** Se borra el archivo 'urdf/tello_6.urdf'
[0.213s] /bin/sh: 1: /home/guillermo/tello_ws/src/tello_ros/tello_description/src/replace.py: not found
[0.213s] gmake[1]: *** [CMakeFiles/Makefile2:309: CMakeFiles/generate_urdf_6.dir/all] Error 2
[0.213s] gmake[2]: *** [CMakeFiles/generate_urdf_4.dir/build.make:73: urdf/tello_4.urdf] Error 127
[0.213s] gmake[2]: *** Se borra el archivo 'urdf/tello_4.urdf'
[0.213s] gmake[1]: *** [CMakeFiles/Makefile2:257: CMakeFiles/generate_urdf_4.dir/all] Error 2
[0.213s] gmake: *** [Makefile:146: all] Error 2
[0.215s] Invoked command in '/home/guillermo/tello_ws/build/tello_description' returned '2': CMAKE_PREFIX_PATH=${CMAKE_PREFIX_PATH}:/opt/ros/humble /usr/bin/cmake --build /home/guillermo/tello_ws/build/tello_description -- -j20 -l20
