[0.220s] Invoking command in '/home/guillermo/tello_ws/build/tello_description': CMAKE_PREFIX_PATH=${CMAKE_PREFIX_PATH}:/opt/ros/humble /usr/bin/cmake --build /home/guillermo/tello_ws/build/tello_description -- -j20 -l20
[0.274s] [ 11%] [34m[1mGenerate /home/guillermo/tello_ws/build/tello_description/urdf/tello.urdf[0m
[0.274s] [ 22%] [34m[1mGenerate /home/guillermo/tello_ws/build/tello_description/urdf/tello_2.urdf[0m
[0.275s] [ 33%] [34m[1mGenerate /home/guillermo/tello_ws/build/tello_description/urdf/tello_1.urdf[0m
[0.276s] /bin/sh: 1: /bin/sh: 1: /home/guillermo/tello_ws/src/tello_ros/tello_description/src/replace.py: not found/home/guillermo/tello_ws/src/tello_ros/tello_description/src/replace.py: not found
[0.276s] 
[0.277s] gmake[2]: *** [CMakeFiles/generate_urdf.dir/build.make:73: urdf/tello.urdf] Error 127
[0.278s] gmake[2]: *** [CMakeFiles/generate_urdf_2.dir/build.make:73: urdf/tello_2.urdf] Error 127
[0.278s] gmake[2]: *** Se borra el archivo 'urdf/tello.urdf'
[0.278s] gmake[2]: *** Se borra el archivo 'urdf/tello_2.urdf'
[0.278s] /bin/sh: 1: /home/guillermo/tello_ws/src/tello_ros/tello_description/src/replace.py: not found
[0.278s] gmake[1]: *** [CMakeFiles/Makefile2:153: CMakeFiles/generate_urdf.dir/all] Error 2
[0.278s] gmake[1]: *** Se espera a que terminen otras tareas....
[0.278s] gmake[1]: *** [CMakeFiles/Makefile2:205: CMakeFiles/generate_urdf_2.dir/all] Error 2
[0.278s] gmake[2]: *** [CMakeFiles/generate_urdf_1.dir/build.make:73: urdf/tello_1.urdf] Error 127
[0.278s] gmake[2]: *** Se borra el archivo 'urdf/tello_1.urdf'
[0.278s] gmake[1]: *** [CMakeFiles/Makefile2:179: CMakeFiles/generate_urdf_1.dir/all] Error 2
[0.279s] [ 55%] [34m[1mGenerate /home/guillermo/tello_ws/build/tello_description/urdf/tello_7.urdf[0m
[0.279s] [ 44%] [34m[1mGenerate /home/guillermo/tello_ws/build/tello_description/urdf/tello_8.urdf[0m
[0.279s] [ 77%] [34m[1mGenerate /home/guillermo/tello_ws/build/tello_description/urdf/tello_3.urdf[0m
[0.280s] [ 77%] [34m[1mGenerate /home/guillermo/tello_ws/build/tello_description/urdf/tello_6.urdf[0m
[0.280s] [ 88%] [34m[1mGenerate /home/guillermo/tello_ws/build/tello_description/urdf/tello_4.urdf[0m
[0.282s] /bin/sh: 1: /home/guillermo/tello_ws/src/tello_ros/tello_description/src/replace.py: not found
[0.282s] /bin/sh: 1: /home/guillermo/tello_ws/src/tello_ros/tello_description/src/replace.py: not found
[0.282s] /bin/sh: 1: /home/guillermo/tello_ws/src/tello_ros/tello_description/src/replace.py: not found
[0.282s] /bin/sh: 1: /home/guillermo/tello_ws/src/tello_ros/tello_description/src/replace.py: not found
[0.282s] gmake[2]: *** [CMakeFiles/generate_urdf_8.dir/build.make:73: urdf/tello_8.urdf] Error 127
[0.282s] gmake[2]: *** [CMakeFiles/generate_urdf_3.dir/build.make:73: urdf/tello_3.urdf] Error 127
[0.282s] gmake[2]: *** Se borra el archivo 'urdf/tello_8.urdf'
[0.282s] gmake[2]: *** Se borra el archivo 'urdf/tello_3.urdf'
[0.282s] gmake[2]: *** [CMakeFiles/generate_urdf_7.dir/build.make:73: urdf/tello_7.urdf] Error 127
[0.282s] gmake[2]: *** Se borra el archivo 'urdf/tello_7.urdf'
[0.282s] gmake[2]: *** [CMakeFiles/generate_urdf_6.dir/build.make:73: urdf/tello_6.urdf] Error 127
[0.282s] gmake[2]: *** Se borra el archivo 'urdf/tello_6.urdf'
[0.282s] gmake[1]: *** [CMakeFiles/Makefile2:361: CMakeFiles/generate_urdf_8.dir/all] Error 2
[0.282s] gmake[1]: *** [CMakeFiles/Makefile2:231: CMakeFiles/generate_urdf_3.dir/all] Error 2
[0.282s] gmake[1]: *** [CMakeFiles/Makefile2:335: CMakeFiles/generate_urdf_7.dir/all] Error 2
[0.282s] gmake[1]: *** [CMakeFiles/Makefile2:309: CMakeFiles/generate_urdf_6.dir/all] Error 2
[0.283s] /bin/sh: 1: /home/guillermo/tello_ws/src/tello_ros/tello_description/src/replace.py: not found
[0.283s] gmake[2]: *** [CMakeFiles/generate_urdf_4.dir/build.make:73: urdf/tello_4.urdf] Error 127
[0.283s] gmake[2]: *** Se borra el archivo 'urdf/tello_4.urdf'
[0.283s] gmake[1]: *** [CMakeFiles/Makefile2:257: CMakeFiles/generate_urdf_4.dir/all] Error 2
[0.283s] [100%] [34m[1mGenerate /home/guillermo/tello_ws/build/tello_description/urdf/tello_5.urdf[0m
[0.287s] /bin/sh: 1: /home/guillermo/tello_ws/src/tello_ros/tello_description/src/replace.py: not found
[0.287s] gmake[2]: *** [CMakeFiles/generate_urdf_5.dir/build.make:73: urdf/tello_5.urdf] Error 127
[0.287s] gmake[2]: *** Se borra el archivo 'urdf/tello_5.urdf'
[0.287s] gmake[1]: *** [CMakeFiles/Makefile2:283: CMakeFiles/generate_urdf_5.dir/all] Error 2
[0.287s] gmake: *** [Makefile:146: all] Error 2
[0.310s] Invoked command in '/home/guillermo/tello_ws/build/tello_description' returned '2': CMAKE_PREFIX_PATH=${CMAKE_PREFIX_PATH}:/opt/ros/humble /usr/bin/cmake --build /home/guillermo/tello_ws/build/tello_description -- -j20 -l20
