[0.014s] Invoking command in '/home/guillermo/tello_ws/build/tello_description': CMAKE_PREFIX_PATH=${CMAKE_PREFIX_PATH}:/opt/ros/humble /usr/bin/cmake --build /home/guillermo/tello_ws/build/tello_description -- -j20 -l20
[0.049s] [ 11%] [34m[1mGenerate /home/guillermo/tello_ws/build/tello_description/urdf/tello.urdf[0m
[0.050s] [ 22%] [34m[1mGenerate /home/guillermo/tello_ws/build/tello_description/urdf/tello_6.urdf[0m
[0.050s] /bin/sh: 1: /home/guillermo/tello_ws/src/tello_ros/tello_description/src/replace.py: not found
[0.051s] gmake[2]: *** [CMakeFiles/generate_urdf.dir/build.make:73: urdf/tello.urdf] Error 127
[0.051s] gmake[2]: *** Se borra el archivo 'urdf/tello.urdf'
[0.051s] gmake[1]: *** [CMakeFiles/Makefile2:153: CMakeFiles/generate_urdf.dir/all] Error 2
[0.052s] gmake[1]: *** Se espera a que terminen otras tareas....
[0.052s] /bin/sh: 1: /home/guillermo/tello_ws/src/tello_ros/tello_description/src/replace.py: not found
[0.052s] gmake[2]: *** [CMakeFiles/generate_urdf_6.dir/build.make:73: urdf/tello_6.urdf] Error 127
[0.052s] gmake[2]: *** Se borra el archivo 'urdf/tello_6.urdf'
[0.052s] gmake[1]: *** [CMakeFiles/Makefile2:309: CMakeFiles/generate_urdf_6.dir/all] Error 2
[0.057s] [ 33%] [34m[1mGenerate /home/guillermo/tello_ws/build/tello_description/urdf/tello_3.urdf[0m
[0.057s] [ 44%] [34m[1mGenerate /home/guillermo/tello_ws/build/tello_description/urdf/tello_7.urdf[0m
[0.058s] [ 55%] [34m[1mGenerate /home/guillermo/tello_ws/build/tello_description/urdf/tello_1.urdf[0m
[0.058s] /bin/sh: 1: /home/guillermo/tello_ws/src/tello_ros/tello_description/src/replace.py: not found
[0.058s] [ 66%] [34m[1mGenerate /home/guillermo/tello_ws/build/tello_description/urdf/tello_2.urdf[0m
[0.058s] gmake[2]: *** [CMakeFiles/generate_urdf_3.dir/build.make:73: urdf/tello_3.urdf] Error 127
[0.058s] gmake[2]: *** Se borra el archivo 'urdf/tello_3.urdf'
[0.058s] gmake[1]: *** [CMakeFiles/Makefile2:231: CMakeFiles/generate_urdf_3.dir/all] Error 2
[0.058s] [ 77%] [34m[1mGenerate /home/guillermo/tello_ws/build/tello_description/urdf/tello_5.urdf[0m
[0.059s] /bin/sh: 1: /home/guillermo/tello_ws/src/tello_ros/tello_description/src/replace.py: not found
[0.059s] [ 88%] [34m[1mGenerate /home/guillermo/tello_ws/build/tello_description/urdf/tello_4.urdf[0m
[0.059s] gmake[2]: *** [CMakeFiles/generate_urdf_7.dir/build.make:73: urdf/tello_7.urdf] Error 127
[0.059s] gmake[2]: *** Se borra el archivo 'urdf/tello_7.urdf'
[0.059s] [100%] [34m[1mGenerate /home/guillermo/tello_ws/build/tello_description/urdf/tello_8.urdf[0m
[0.059s] gmake[1]: *** [CMakeFiles/Makefile2:335: CMakeFiles/generate_urdf_7.dir/all] Error 2
[0.059s] /bin/sh: 1: /home/guillermo/tello_ws/src/tello_ros/tello_description/src/replace.py: not found
[0.059s] gmake[2]: *** [CMakeFiles/generate_urdf_1.dir/build.make:73: urdf/tello_1.urdf] Error 127
[0.059s] gmake[2]: *** Se borra el archivo 'urdf/tello_1.urdf'
[0.060s] gmake[1]: *** [CMakeFiles/Makefile2:179: CMakeFiles/generate_urdf_1.dir/all] Error 2
[0.060s] /bin/sh: 1: /home/guillermo/tello_ws/src/tello_ros/tello_description/src/replace.py: not found
[0.060s] gmake[2]: *** [CMakeFiles/generate_urdf_2.dir/build.make:73: urdf/tello_2.urdf] Error 127
[0.060s] gmake[2]: *** Se borra el archivo 'urdf/tello_2.urdf'
[0.060s] gmake[1]: *** [CMakeFiles/Makefile2:205: CMakeFiles/generate_urdf_2.dir/all] Error 2
[0.060s] /bin/sh: 1: /home/guillermo/tello_ws/src/tello_ros/tello_description/src/replace.py: not found
[0.060s] gmake[2]: *** [CMakeFiles/generate_urdf_5.dir/build.make:73: urdf/tello_5.urdf] Error 127
[0.060s] gmake[2]: *** Se borra el archivo 'urdf/tello_5.urdf'
[0.060s] gmake[1]: *** [CMakeFiles/Makefile2:283: CMakeFiles/generate_urdf_5.dir/all] Error 2
[0.060s] /bin/sh: 1: /home/guillermo/tello_ws/src/tello_ros/tello_description/src/replace.py: not found
[0.060s] gmake[2]: *** [CMakeFiles/generate_urdf_8.dir/build.make:73: urdf/tello_8.urdf] Error 127
[0.061s] gmake[2]: *** Se borra el archivo 'urdf/tello_8.urdf'
[0.061s] /bin/sh: 1: /home/guillermo/tello_ws/src/tello_ros/tello_description/src/replace.py: not found
[0.061s] gmake[1]: *** [CMakeFiles/Makefile2:361: CMakeFiles/generate_urdf_8.dir/all] Error 2
[0.061s] gmake[2]: *** [CMakeFiles/generate_urdf_4.dir/build.make:73: urdf/tello_4.urdf] Error 127
[0.061s] gmake[2]: *** Se borra el archivo 'urdf/tello_4.urdf'
[0.062s] gmake[1]: *** [CMakeFiles/Makefile2:257: CMakeFiles/generate_urdf_4.dir/all] Error 2
[0.062s] gmake: *** [Makefile:146: all] Error 2
[0.070s] Invoked command in '/home/guillermo/tello_ws/build/tello_description' returned '2': CMAKE_PREFIX_PATH=${CMAKE_PREFIX_PATH}:/opt/ros/humble /usr/bin/cmake --build /home/guillermo/tello_ws/build/tello_description -- -j20 -l20
